<?xml version="1.0" encoding="UTF-8"?>
<!-- Generated by org.testng.reporters.JUnitReportReporter -->
<testsuite hostname="LAPTOP-RT9H3TJK" name="com.selinium.hrm.Leaves" tests="1" failures="0" timestamp="26 Jan 2020 15:46:27 GMT" time="25.767" errors="0">
  <testcase name="leavelist" time="25.767" classname="com.selinium.hrm.Leaves"/>
</testsuite> <!-- com.selinium.hrm.Leaves -->
