<?xml version="1.0" encoding="UTF-8"?>
<!-- Generated by org.testng.reporters.JUnitReportReporter -->
<testsuite name="com.selinium.hrm.HRMscript" tests="1" time="43.142" ignored="0" failures="0" timestamp="29 Jan 2020 03:10:02 GMT" skipped="0" hostname="LAPTOP-RT9H3TJK" errors="0">
  <testcase name="leftsideinfo" time="43.142" classname="com.selinium.hrm.HRMscript"/>
</testsuite> <!-- com.selinium.hrm.HRMscript -->
