<?xml version="1.0" encoding="UTF-8"?>
<!-- Generated by org.testng.reporters.JUnitReportReporter -->
<testsuite name="Demo" tests="4" time="0.027" ignored="0" failures="0" timestamp="14 Nov 2019 06:42:26 GMT" skipped="3" hostname="LAPTOP-RT9H3TJK" errors="1">
  <testcase name="main" time="0.026" classname="Demo">
    <skipped/>
  </testcase> <!-- main -->
  <testcase name="main1" time="0.000" classname="Demo">
    <skipped/>
  </testcase> <!-- main1 -->
  <testcase name="main2" time="0.001" classname="Demo">
    <skipped/>
  </testcase> <!-- main2 -->
  <testcase name="openbrowser" time="0.000" classname="Demo">
    <error type="java.lang.NullPointerException">
      <![CDATA[java.lang.NullPointerException
	at Demo.openbrowser(Demo.java:15)
	at sun.reflect.NativeMethodAccessorImpl.invoke0(Native Method)
	at sun.reflect.NativeMethodAccessorImpl.invoke(Unknown Source)
	at sun.reflect.DelegatingMethodAccessorImpl.invoke(Unknown Source)
	at java.lang.reflect.Method.invoke(Unknown Source)
	at org.testng.internal.MethodInvocationHelper.invokeMethod(MethodInvocationHelper.java:104)
	at org.testng.internal.Invoker.invokeConfigurationMethod(Invoker.java:515)
	at org.testng.internal.Invoker.invokeConfigurations(Invoker.java:217)
	at org.testng.internal.Invoker.invokeConfigurations(Invoker.java:144)
	at org.testng.SuiteRunner.privateRun(SuiteRunner.java:326)
	at org.testng.SuiteRunner.run(SuiteRunner.java:289)
	at org.testng.SuiteRunnerWorker.runSuite(SuiteRunnerWorker.java:52)
	at org.testng.SuiteRunnerWorker.run(SuiteRunnerWorker.java:86)
	at org.testng.TestNG.runSuitesSequentially(TestNG.java:1293)
	at org.testng.TestNG.runSuitesLocally(TestNG.java:1218)
	at org.testng.TestNG.runSuites(TestNG.java:1133)
	at org.testng.TestNG.run(TestNG.java:1104)
	at org.testng.remote.AbstractRemoteTestNG.run(AbstractRemoteTestNG.java:132)
	at org.testng.remote.RemoteTestNG.initAndRun(RemoteTestNG.java:236)
	at org.testng.remote.RemoteTestNG.main(RemoteTestNG.java:81)
]]>
    </error>
  </testcase> <!-- openbrowser -->
</testsuite> <!-- Demo -->
