<?xml version="1.0" encoding="UTF-8"?>
<!-- Generated by org.testng.reporters.JUnitReportReporter -->
<testsuite hostname="LAPTOP-RT9H3TJK" name="com.testngproject.GmailTest" tests="2" failures="0" timestamp="4 Oct 2019 08:19:57 GMT" time="8.812" errors="0">
  <testcase name="Gmail_Login" time="7.633" classname="com.testngproject.GmailTest"/>
  <testcase name="init" time="1.179" classname="com.testngproject.GmailTest"/>
</testsuite> <!-- com.testngproject.GmailTest -->
