<?xml version="1.0" encoding="UTF-8"?>
<!-- Generated by org.testng.reporters.JUnitReportReporter -->
<testsuite name="com.groups.Demo" tests="3" time="4.010" ignored="0" failures="0" timestamp="14 Nov 2019 07:04:17 GMT" skipped="0" hostname="LAPTOP-RT9H3TJK" errors="0">
  <testcase name="main1" time="0.002" classname="com.groups.Demo"/>
  <testcase name="main" time="4.006" classname="com.groups.Demo"/>
  <testcase name="main2" time="0.002" classname="com.groups.Demo"/>
</testsuite> <!-- com.groups.Demo -->
