<?xml version="1.0" encoding="UTF-8"?>
<!-- Generated by org.testng.reporters.JUnitReportReporter -->
<testsuite hostname="LAPTOP-RT9H3TJK" name="com.Testing.Automation.Screen" tests="1" failures="0" timestamp="4 Oct 2019 14:52:11 GMT" time="29.307" errors="0">
  <testcase name="ScreenDemo" time="29.307" classname="com.Testing.Automation.Screen"/>
</testsuite> <!-- com.Testing.Automation.Screen -->
