<?xml version="1.0" encoding="UTF-8"?>
<!-- Generated by org.testng.reporters.JUnitReportReporter -->
<testsuite name="siva.automation.freamework.script.GmailTest" tests="1" time="19.770" ignored="0" failures="0" timestamp="13 Nov 2019 08:19:16 GMT" skipped="0" hostname="LAPTOP-RT9H3TJK" errors="0">
  <testcase name="Gmail" time="19.770" classname="siva.automation.freamework.script.GmailTest"/>
</testsuite> <!-- siva.automation.freamework.script.GmailTest -->
