<?xml version="1.0" encoding="UTF-8"?>
<!-- Generated by org.testng.reporters.JUnitReportReporter -->
<testsuite hostname="LAPTOP-RT9H3TJK" name="com.testngproject.TestDemo2" tests="2" failures="0" timestamp="10 Oct 2019 14:53:34 GMT" time="13.355" errors="0">
  <testcase name="facebook" time="6.641" classname="com.testngproject.TestDemo2"/>
  <testcase name="gmail" time="6.714" classname="com.testngproject.TestDemo2"/>
</testsuite> <!-- com.testngproject.TestDemo2 -->
