<?xml version="1.0" encoding="UTF-8"?>
<!-- Generated by org.testng.reporters.JUnitReportReporter -->
<testsuite name="com.groups.Groups" tests="1" time="0.016" ignored="3" failures="0" timestamp="14 Nov 2019 07:23:18 GMT" skipped="0" hostname="LAPTOP-RT9H3TJK" errors="0">
  <testcase name="main2" time="0.016" classname="com.groups.Groups"/>
  <testcase name="main" classname="com.groups.Group1">
    <skipped/>
  </testcase> <!-- main -->
  <testcase name="main" classname="com.groups.Groups">
    <skipped/>
  </testcase> <!-- main -->
  <testcase name="main1" classname="com.groups.Groups">
    <skipped/>
  </testcase> <!-- main1 -->
</testsuite> <!-- com.groups.Groups -->
