<?xml version="1.0" encoding="UTF-8"?>
<!-- Generated by org.testng.reporters.JUnitReportReporter -->
<testsuite hostname="LAPTOP-RT9H3TJK" name="com.methods.GroupsMethod" tests="3" failures="0" timestamp="2 Oct 2019 12:47:07 GMT" time="0.059" errors="0">
  <testcase name="send" time="0.045" classname="com.methods.GroupsMethod"/>
  <testcase name="message" time="0.006" classname="com.methods.GroupsMethod"/>
  <testcase name="welcome" time="0.008" classname="com.methods.GroupsMethod"/>
</testsuite> <!-- com.methods.GroupsMethod -->
